<?xml version="1.0" encoding="UTF-8"?>
<!-- Generated by org.testng.reporters.JUnitReportReporter -->
<testsuite skipped="0" hostname="DELL-PC" name="Revanth.RESTAPITest" tests="1" failures="0" timestamp="2020-05-05T11:35:30 IST" time="0.001" errors="0">
  <testcase name="sample" time="0.001" classname="Revanth.RESTAPITest"/>
  <system-out/>
</testsuite> <!-- Revanth.RESTAPITest -->
