<?xml version="1.0" encoding="UTF-8"?>
<!-- Generated by org.testng.reporters.JUnitReportReporter -->
<testsuite skipped="0" hostname="DELL-PC" name="Revanth.SeleniumTest" tests="1" failures="0" timestamp="2020-05-05T11:36:24 IST" time="0.012" errors="0">
  <testcase name="sample" time="0.012" classname="Revanth.SeleniumTest"/>
  <system-out/>
</testsuite> <!-- Revanth.SeleniumTest -->
